#-----------------------------------------------------------
# Vivado v2020.1 (64-bit)
# SW Build 2902540 on Wed May 27 19:54:49 MDT 2020
# IP Build 2902112 on Wed May 27 22:43:36 MDT 2020
# Start of session at: Mon May 27 11:30:41 2024
# Process ID: 24888
# Current directory: C:/Users/Somaya/Desktop/VGA_Projects/mutliplayer_racing_game
# Command line: vivado.exe -gui_launcher_event rodinguilauncherevent10676 C:\Users\Somaya\Desktop\VGA_Projects\mutliplayer_racing_game\Racing_Game.xpr
# Log file: C:/Users/Somaya/Desktop/VGA_Projects/mutliplayer_racing_game/vivado.log
# Journal file: C:/Users/Somaya/Desktop/VGA_Projects/mutliplayer_racing_game\vivado.jou
#-----------------------------------------------------------
start_gui
open_project C:/Users/Somaya/Desktop/VGA_Projects/mutliplayer_racing_game/Racing_Game.xpr
INFO: [Project 1-313] Project file moved from 'C:/Users/Somaya/Desktop/VGA Game/Racing-Game' since last save.
Scanning sources...
Finished scanning sources
WARNING: [Project 1-509] GeneratedRun file for 'synth_1' not found
WARNING: [Project 1-509] GeneratedRun file for 'clk_wiz_0_synth_1' not found
WARNING: [Project 1-509] GeneratedRun file for 'car_synth_1' not found
WARNING: [Project 1-509] GeneratedRun file for 'impl_1' not found
WARNING: [filemgmt 56-2] IPUserFilesDir: Could not find the directory 'C:/Users/Somaya/Desktop/VGA_Projects/mutliplayer_racing_game/Racing_Game.ip_user_files', nor could it be found using path 'C:/Users/Somaya/Desktop/VGA Game/Racing-Game/Racing_Game.ip_user_files'.
INFO: [IP_Flow 19-234] Refreshing IP repositories
INFO: [IP_Flow 19-1704] No user IP repositories specified
INFO: [IP_Flow 19-2313] Loaded Vivado IP repository 'C:/Xilinx/Vivado/2020.1/data/ip'.
open_project: Time (s): cpu = 00:01:04 ; elapsed = 00:00:36 . Memory (MB): peak = 1023.312 ; gain = 0.000
update_compile_order -fileset sources_1
exit
INFO: [Common 17-206] Exiting Vivado at Mon May 27 11:32:46 2024...
