#-----------------------------------------------------------
# Vivado v2020.1 (64-bit)
# SW Build 2902540 on Wed May 27 19:54:49 MDT 2020
# IP Build 2902112 on Wed May 27 22:43:36 MDT 2020
# Start of session at: Mon May 27 08:04:30 2024
# Process ID: 19636
# Current directory: C:/Users/DELL/Downloads/Racing_Game_Host_Client/Racing_Game_Host_Client
# Command line: vivado.exe -gui_launcher_event rodinguilauncherevent22200 C:\Users\DELL\Downloads\Racing_Game_Host_Client\Racing_Game_Host_Client\Racing_Game_Host_Client.xpr
# Log file: C:/Users/DELL/Downloads/Racing_Game_Host_Client/Racing_Game_Host_Client/vivado.log
# Journal file: C:/Users/DELL/Downloads/Racing_Game_Host_Client/Racing_Game_Host_Client\vivado.jou
#-----------------------------------------------------------
start_gui
open_project C:/Users/DELL/Downloads/Racing_Game_Host_Client/Racing_Game_Host_Client/Racing_Game_Host_Client.xpr
INFO: [Project 1-313] Project file moved from 'C:/Users/Somaya/Desktop/VGA_Projects/Racing_Game_Host_Client' since last save.
Scanning sources...
Finished scanning sources
INFO: [IP_Flow 19-234] Refreshing IP repositories
INFO: [IP_Flow 19-1704] No user IP repositories specified
INFO: [IP_Flow 19-2313] Loaded Vivado IP repository 'C:/Xilinx/Vivado/2020.1/data/ip'.
open_project: Time (s): cpu = 00:00:17 ; elapsed = 00:00:09 . Memory (MB): peak = 1023.219 ; gain = 0.000
update_compile_order -fileset sources_1
create_ip -name clk_wiz -vendor xilinx.com -library ip -version 6.0 -module_name clk_wiz_0 -dir c:/Users/DELL/Downloads/Racing_Game_Host_Client/Racing_Game_Host_Client/Racing_Game_Host_Client.srcs/sources_1/ip
set_property -dict [list CONFIG.CLKOUT1_REQUESTED_OUT_FREQ {25} CONFIG.USE_LOCKED {false} CONFIG.USE_RESET {false} CONFIG.MMCM_CLKFBOUT_MULT_F {9.125} CONFIG.MMCM_CLKOUT0_DIVIDE_F {36.500} CONFIG.CLKOUT1_JITTER {181.828} CONFIG.CLKOUT1_PHASE_ERROR {104.359}] [get_ips clk_wiz_0]
generate_target {instantiation_template} [get_files c:/Users/DELL/Downloads/Racing_Game_Host_Client/Racing_Game_Host_Client/Racing_Game_Host_Client.srcs/sources_1/ip/clk_wiz_0/clk_wiz_0.xci]
INFO: [IP_Flow 19-1686] Generating 'Instantiation Template' target for IP 'clk_wiz_0'...
generate_target all [get_files  c:/Users/DELL/Downloads/Racing_Game_Host_Client/Racing_Game_Host_Client/Racing_Game_Host_Client.srcs/sources_1/ip/clk_wiz_0/clk_wiz_0.xci]
INFO: [IP_Flow 19-1686] Generating 'Synthesis' target for IP 'clk_wiz_0'...
INFO: [IP_Flow 19-1686] Generating 'Simulation' target for IP 'clk_wiz_0'...
INFO: [IP_Flow 19-1686] Generating 'Implementation' target for IP 'clk_wiz_0'...
INFO: [IP_Flow 19-1686] Generating 'Change Log' target for IP 'clk_wiz_0'...
catch { config_ip_cache -export [get_ips -all clk_wiz_0] }
export_ip_user_files -of_objects [get_files c:/Users/DELL/Downloads/Racing_Game_Host_Client/Racing_Game_Host_Client/Racing_Game_Host_Client.srcs/sources_1/ip/clk_wiz_0/clk_wiz_0.xci] -no_script -sync -force -quiet
create_ip_run [get_files -of_objects [get_fileset sources_1] c:/Users/DELL/Downloads/Racing_Game_Host_Client/Racing_Game_Host_Client/Racing_Game_Host_Client.srcs/sources_1/ip/clk_wiz_0/clk_wiz_0.xci]
launch_runs clk_wiz_0_synth_1 -jobs 12
[Mon May 27 08:07:29 2024] Launched clk_wiz_0_synth_1...
Run output will be captured here: C:/Users/DELL/Downloads/Racing_Game_Host_Client/Racing_Game_Host_Client/Racing_Game_Host_Client.runs/clk_wiz_0_synth_1/runme.log
export_simulation -of_objects [get_files c:/Users/DELL/Downloads/Racing_Game_Host_Client/Racing_Game_Host_Client/Racing_Game_Host_Client.srcs/sources_1/ip/clk_wiz_0/clk_wiz_0.xci] -directory C:/Users/DELL/Downloads/Racing_Game_Host_Client/Racing_Game_Host_Client/Racing_Game_Host_Client.ip_user_files/sim_scripts -ip_user_files_dir C:/Users/DELL/Downloads/Racing_Game_Host_Client/Racing_Game_Host_Client/Racing_Game_Host_Client.ip_user_files -ipstatic_source_dir C:/Users/DELL/Downloads/Racing_Game_Host_Client/Racing_Game_Host_Client/Racing_Game_Host_Client.ip_user_files/ipstatic -lib_map_path [list {modelsim=C:/Users/DELL/Downloads/Racing_Game_Host_Client/Racing_Game_Host_Client/Racing_Game_Host_Client.cache/compile_simlib/modelsim} {questa=C:/Users/DELL/Downloads/Racing_Game_Host_Client/Racing_Game_Host_Client/Racing_Game_Host_Client.cache/compile_simlib/questa} {riviera=C:/Users/DELL/Downloads/Racing_Game_Host_Client/Racing_Game_Host_Client/Racing_Game_Host_Client.cache/compile_simlib/riviera} {activehdl=C:/Users/DELL/Downloads/Racing_Game_Host_Client/Racing_Game_Host_Client/Racing_Game_Host_Client.cache/compile_simlib/activehdl}] -use_ip_compiled_libs -force -quiet
WARNING: [IP_Flow 19-4067] Ignoring invalid widget type specified checkbox.Providing a default widget
WARNING: [IP_Flow 19-4067] Ignoring invalid widget type specified checkbox.Providing a default widget
INFO: [IP_Flow 19-3484] Absolute path of file 'c:/Users/DELL/Downloads/Racing_Game_Host_Client/Racing_Game_Host_Client/car.coe' provided. It will be converted relative to IP Instance files '../../../../car.coe'
create_ip -name blk_mem_gen -vendor xilinx.com -library ip -version 8.4 -module_name car -dir c:/Users/DELL/Downloads/Racing_Game_Host_Client/Racing_Game_Host_Client/Racing_Game_Host_Client.srcs/sources_1/ip
set_property -dict [list CONFIG.Component_Name {car} CONFIG.Write_Width_A {12} CONFIG.Write_Depth_A {5000} CONFIG.Read_Width_A {12} CONFIG.Write_Width_B {12} CONFIG.Read_Width_B {12} CONFIG.Register_PortA_Output_of_Memory_Primitives {false} CONFIG.Load_Init_File {true} CONFIG.Coe_File {C:/Users/DELL/Downloads/Racing_Game_Host_Client/Racing_Game_Host_Client/car.coe}] [get_ips car]
WARNING: [Vivado 12-3523] Attempt to change 'Component_Name' from 'car' to 'car' is not allowed and is ignored.
INFO: [IP_Flow 19-3484] Absolute path of file 'c:/Users/DELL/Downloads/Racing_Game_Host_Client/Racing_Game_Host_Client/car.coe' provided. It will be converted relative to IP Instance files '../../../../car.coe'
generate_target {instantiation_template} [get_files c:/Users/DELL/Downloads/Racing_Game_Host_Client/Racing_Game_Host_Client/Racing_Game_Host_Client.srcs/sources_1/ip/car/car.xci]
INFO: [IP_Flow 19-1686] Generating 'Instantiation Template' target for IP 'car'...
generate_target all [get_files  c:/Users/DELL/Downloads/Racing_Game_Host_Client/Racing_Game_Host_Client/Racing_Game_Host_Client.srcs/sources_1/ip/car/car.xci]
INFO: [IP_Flow 19-1686] Generating 'Synthesis' target for IP 'car'...
INFO: [IP_Flow 19-1686] Generating 'Simulation' target for IP 'car'...
INFO: [IP_Flow 19-1686] Generating 'Miscellaneous' target for IP 'car'...
INFO: [IP_Flow 19-1686] Generating 'Change Log' target for IP 'car'...
catch { config_ip_cache -export [get_ips -all car] }
export_ip_user_files -of_objects [get_files c:/Users/DELL/Downloads/Racing_Game_Host_Client/Racing_Game_Host_Client/Racing_Game_Host_Client.srcs/sources_1/ip/car/car.xci] -no_script -sync -force -quiet
create_ip_run [get_files -of_objects [get_fileset sources_1] c:/Users/DELL/Downloads/Racing_Game_Host_Client/Racing_Game_Host_Client/Racing_Game_Host_Client.srcs/sources_1/ip/car/car.xci]
launch_runs car_synth_1 -jobs 12
[Mon May 27 08:11:09 2024] Launched car_synth_1...
Run output will be captured here: C:/Users/DELL/Downloads/Racing_Game_Host_Client/Racing_Game_Host_Client/Racing_Game_Host_Client.runs/car_synth_1/runme.log
export_simulation -of_objects [get_files c:/Users/DELL/Downloads/Racing_Game_Host_Client/Racing_Game_Host_Client/Racing_Game_Host_Client.srcs/sources_1/ip/car/car.xci] -directory C:/Users/DELL/Downloads/Racing_Game_Host_Client/Racing_Game_Host_Client/Racing_Game_Host_Client.ip_user_files/sim_scripts -ip_user_files_dir C:/Users/DELL/Downloads/Racing_Game_Host_Client/Racing_Game_Host_Client/Racing_Game_Host_Client.ip_user_files -ipstatic_source_dir C:/Users/DELL/Downloads/Racing_Game_Host_Client/Racing_Game_Host_Client/Racing_Game_Host_Client.ip_user_files/ipstatic -lib_map_path [list {modelsim=C:/Users/DELL/Downloads/Racing_Game_Host_Client/Racing_Game_Host_Client/Racing_Game_Host_Client.cache/compile_simlib/modelsim} {questa=C:/Users/DELL/Downloads/Racing_Game_Host_Client/Racing_Game_Host_Client/Racing_Game_Host_Client.cache/compile_simlib/questa} {riviera=C:/Users/DELL/Downloads/Racing_Game_Host_Client/Racing_Game_Host_Client/Racing_Game_Host_Client.cache/compile_simlib/riviera} {activehdl=C:/Users/DELL/Downloads/Racing_Game_Host_Client/Racing_Game_Host_Client/Racing_Game_Host_Client.cache/compile_simlib/activehdl}] -use_ip_compiled_libs -force -quiet
update_compile_order -fileset sources_1
set_property PR_FLOW 1 [current_project] 
update_compile_order -fileset sources_1
create_partition_def -name host_client -module client
create_reconfig_module -name client -partition_def [get_partition_defs host_client ]  -define_from client
INFO: [Vivado 12-2924] Moving file 'C:/Users/DELL/Downloads/Racing_Game_Host_Client/Racing_Game_Host_Client/Racing_Game_Host_Client.srcs/sources_1/new/client.vhd' from fileset 'sources_1' to fileset 'client'.
delete_reconfig_modules -merge sources_1 [get_reconfig_modules client]
INFO: [Project 1-386] Moving file 'C:/Users/DELL/Downloads/Racing_Game_Host_Client/Racing_Game_Host_Client/Racing_Game_Host_Client.srcs/sources_1/new/client.vhd' from fileset 'client' to fileset 'sources_1'.
update_compile_order -fileset sources_1
export_ip_user_files -of_objects  [get_files C:/Users/DELL/Downloads/Racing_Game_Host_Client/Racing_Game_Host_Client/Racing_Game_Host_Client.srcs/sources_1/new/client.vhd] -no_script -reset -force -quiet
remove_files  C:/Users/DELL/Downloads/Racing_Game_Host_Client/Racing_Game_Host_Client/Racing_Game_Host_Client.srcs/sources_1/new/client.vhd
delete_partition_defs -merge sources_1 [get_partition_defs host_client]
add_files -norecurse C:/Users/DELL/Downloads/Racing_Game_Host_Client/Racing_Game_Host_Client/Racing_Game_Host_Client.srcs/sources_1/new/client.vhd
update_compile_order -fileset sources_1
create_partition_def -name host_client -module host
create_reconfig_module -name host -partition_def [get_partition_defs host_client ]  -define_from host
INFO: [Vivado 12-2924] Moving file 'C:/Users/DELL/Downloads/Racing_Game_Host_Client/Racing_Game_Host_Client/Racing_Game_Host_Client.srcs/sources_1/new/host.vhd' from fileset 'sources_1' to fileset 'host'.
create_reconfig_module -name client -partition_def [get_partition_defs host_client ] 
add_files -norecurse C:/Users/DELL/Downloads/Racing_Game_Host_Client/Racing_Game_Host_Client/Racing_Game_Host_Client.srcs/sources_1/new/client.vhd  -of_objects [get_reconfig_modules client]
create_pr_configuration -name config_1 -partitions [list host_client:host ]
create_pr_configuration -name config_2 -partitions [list host_client:client ]
set_property PR_CONFIGURATION config_1 [get_runs impl_1]
create_run child_0_impl_1 -parent_run impl_1 -flow {Vivado Implementation 2020} -pr_config config_2
Run is defaulting to parent run srcset: sources_1
Run is defaulting to parent run constrset: constrs_1
Run is defaulting to parent run part: xc7a35tcpg236-1
launch_runs synth_1 -jobs 12
[Mon May 27 08:46:08 2024] Launched host_synth_1, client_synth_1...
Run output will be captured here:
host_synth_1: C:/Users/DELL/Downloads/Racing_Game_Host_Client/Racing_Game_Host_Client/Racing_Game_Host_Client.runs/host_synth_1/runme.log
client_synth_1: C:/Users/DELL/Downloads/Racing_Game_Host_Client/Racing_Game_Host_Client/Racing_Game_Host_Client.runs/client_synth_1/runme.log
[Mon May 27 08:46:08 2024] Launched synth_1...
Run output will be captured here: C:/Users/DELL/Downloads/Racing_Game_Host_Client/Racing_Game_Host_Client/Racing_Game_Host_Client.runs/synth_1/runme.log
WARNING: [IP_Flow 19-4067] Ignoring invalid widget type specified checkbox.Providing a default widget
WARNING: [IP_Flow 19-4067] Ignoring invalid widget type specified checkbox.Providing a default widget
set_property -dict [list CONFIG.Enable_A {Always_Enabled}] [get_ips car]
generate_target all [get_files  c:/Users/DELL/Downloads/Racing_Game_Host_Client/Racing_Game_Host_Client/Racing_Game_Host_Client.srcs/sources_1/ip/car/car.xci]
INFO: [IP_Flow 19-1686] Generating 'Instantiation Template' target for IP 'car'...
INFO: [IP_Flow 19-1686] Generating 'Synthesis' target for IP 'car'...
INFO: [IP_Flow 19-1686] Generating 'Simulation' target for IP 'car'...
INFO: [IP_Flow 19-1686] Generating 'Miscellaneous' target for IP 'car'...
INFO: [IP_Flow 19-1686] Generating 'Change Log' target for IP 'car'...
catch { config_ip_cache -export [get_ips -all car] }
export_ip_user_files -of_objects [get_files c:/Users/DELL/Downloads/Racing_Game_Host_Client/Racing_Game_Host_Client/Racing_Game_Host_Client.srcs/sources_1/ip/car/car.xci] -no_script -sync -force -quiet
reset_run car_synth_1
launch_runs car_synth_1 -jobs 12
[Mon May 27 08:50:35 2024] Launched car_synth_1...
Run output will be captured here: C:/Users/DELL/Downloads/Racing_Game_Host_Client/Racing_Game_Host_Client/Racing_Game_Host_Client.runs/car_synth_1/runme.log
export_simulation -of_objects [get_files c:/Users/DELL/Downloads/Racing_Game_Host_Client/Racing_Game_Host_Client/Racing_Game_Host_Client.srcs/sources_1/ip/car/car.xci] -directory C:/Users/DELL/Downloads/Racing_Game_Host_Client/Racing_Game_Host_Client/Racing_Game_Host_Client.ip_user_files/sim_scripts -ip_user_files_dir C:/Users/DELL/Downloads/Racing_Game_Host_Client/Racing_Game_Host_Client/Racing_Game_Host_Client.ip_user_files -ipstatic_source_dir C:/Users/DELL/Downloads/Racing_Game_Host_Client/Racing_Game_Host_Client/Racing_Game_Host_Client.ip_user_files/ipstatic -lib_map_path [list {modelsim=C:/Users/DELL/Downloads/Racing_Game_Host_Client/Racing_Game_Host_Client/Racing_Game_Host_Client.cache/compile_simlib/modelsim} {questa=C:/Users/DELL/Downloads/Racing_Game_Host_Client/Racing_Game_Host_Client/Racing_Game_Host_Client.cache/compile_simlib/questa} {riviera=C:/Users/DELL/Downloads/Racing_Game_Host_Client/Racing_Game_Host_Client/Racing_Game_Host_Client.cache/compile_simlib/riviera} {activehdl=C:/Users/DELL/Downloads/Racing_Game_Host_Client/Racing_Game_Host_Client/Racing_Game_Host_Client.cache/compile_simlib/activehdl}] -use_ip_compiled_libs -force -quiet
open_run synth_1 -name synth_1 -pr_config [current_pr_configuration]
Design is defaulting to impl run constrset: constrs_1
Design is defaulting to synth run part: xc7a35tcpg236-1
INFO: [Device 21-403] Loading part xc7a35tcpg236-1
INFO: [Project 1-454] Reading design checkpoint 'c:/Users/DELL/Downloads/Racing_Game_Host_Client/Racing_Game_Host_Client/Racing_Game_Host_Client.srcs/sources_1/ip/clk_wiz_0/clk_wiz_0.dcp' for cell 'clk_wizard'
INFO: [Project 1-454] Reading design checkpoint 'C:/Users/DELL/Downloads/Racing_Game_Host_Client/Racing_Game_Host_Client/Racing_Game_Host_Client.runs/host_synth_1/host.dcp' for cell 'host_client'
Netlist sorting complete. Time (s): cpu = 00:00:00 ; elapsed = 00:00:00.172 . Memory (MB): peak = 1523.324 ; gain = 0.000
INFO: [Netlist 29-17] Analyzing 2551 Unisim elements for replacement
INFO: [Netlist 29-28] Unisim Transformation completed in 0 CPU seconds
INFO: [Project 1-479] Netlist was created with Vivado 2020.1
INFO: [Project 1-570] Preparing netlist for logic optimization
WARNING: [Opt 31-35] Removing redundant IBUF, clk_wizard/inst/clkin1_ibufg, from the path connected to top-level port: clk 
Resolution: The tool has removed redundant IBUF. To resolve this warning, check for redundant IBUF in the input design.
WARNING: [Opt 31-35] Removing redundant IBUF, game/clk_wizard/inst/clkin1_ibufg, from the path connected to top-level port: clk 
Resolution: The tool has removed redundant IBUF. To resolve this warning, check for redundant IBUF in the input design.
WARNING: [Constraints 18-550] Could not create 'IBUF_LOW_PWR' constraint because net 'clk_wizard/clk_in1' is not directly connected to top level port. Synthesis is ignored for IBUF_LOW_PWR but preserved for implementation.
WARNING: [Constraints 18-550] Could not create 'IBUF_LOW_PWR' constraint because net 'game/clk_wizard/clk_in1' is not directly connected to top level port. Synthesis is ignored for IBUF_LOW_PWR but preserved for implementation.
Parsing XDC File [c:/Users/DELL/Downloads/Racing_Game_Host_Client/Racing_Game_Host_Client/Racing_Game_Host_Client.srcs/sources_1/ip/clk_wiz_0/clk_wiz_0_board.xdc] for cell 'clk_wizard/inst'
Finished Parsing XDC File [c:/Users/DELL/Downloads/Racing_Game_Host_Client/Racing_Game_Host_Client/Racing_Game_Host_Client.srcs/sources_1/ip/clk_wiz_0/clk_wiz_0_board.xdc] for cell 'clk_wizard/inst'
Parsing XDC File [c:/Users/DELL/Downloads/Racing_Game_Host_Client/Racing_Game_Host_Client/Racing_Game_Host_Client.srcs/sources_1/ip/clk_wiz_0/clk_wiz_0_board.xdc] for cell 'game/clk_wizard/inst'
Finished Parsing XDC File [c:/Users/DELL/Downloads/Racing_Game_Host_Client/Racing_Game_Host_Client/Racing_Game_Host_Client.srcs/sources_1/ip/clk_wiz_0/clk_wiz_0_board.xdc] for cell 'game/clk_wizard/inst'
Parsing XDC File [c:/Users/DELL/Downloads/Racing_Game_Host_Client/Racing_Game_Host_Client/Racing_Game_Host_Client.srcs/sources_1/ip/clk_wiz_0/clk_wiz_0.xdc] for cell 'clk_wizard/inst'
INFO: [Timing 38-35] Done setting XDC timing constraints. [c:/Users/DELL/Downloads/Racing_Game_Host_Client/Racing_Game_Host_Client/Racing_Game_Host_Client.srcs/sources_1/ip/clk_wiz_0/clk_wiz_0.xdc:57]
INFO: [Timing 38-2] Deriving generated clocks [c:/Users/DELL/Downloads/Racing_Game_Host_Client/Racing_Game_Host_Client/Racing_Game_Host_Client.srcs/sources_1/ip/clk_wiz_0/clk_wiz_0.xdc:57]
get_clocks: Time (s): cpu = 00:00:12 ; elapsed = 00:00:11 . Memory (MB): peak = 2181.156 ; gain = 558.602
Finished Parsing XDC File [c:/Users/DELL/Downloads/Racing_Game_Host_Client/Racing_Game_Host_Client/Racing_Game_Host_Client.srcs/sources_1/ip/clk_wiz_0/clk_wiz_0.xdc] for cell 'clk_wizard/inst'
Parsing XDC File [c:/Users/DELL/Downloads/Racing_Game_Host_Client/Racing_Game_Host_Client/Racing_Game_Host_Client.srcs/sources_1/ip/clk_wiz_0/clk_wiz_0.xdc] for cell 'game/clk_wizard/inst'
INFO: [Timing 38-2] Deriving generated clocks [c:/Users/DELL/Downloads/Racing_Game_Host_Client/Racing_Game_Host_Client/Racing_Game_Host_Client.srcs/sources_1/ip/clk_wiz_0/clk_wiz_0.xdc:57]
Finished Parsing XDC File [c:/Users/DELL/Downloads/Racing_Game_Host_Client/Racing_Game_Host_Client/Racing_Game_Host_Client.srcs/sources_1/ip/clk_wiz_0/clk_wiz_0.xdc] for cell 'game/clk_wizard/inst'
INFO: [Opt 31-138] Pushed 0 inverter(s) to 0 load pin(s).
CRITICAL WARNING: [Project 1-486] Could not resolve non-primitive black box cell 'car' instantiated as 'game/pixel_array' [C:/Users/DELL/Downloads/Racing_Game_Host_Client/Racing_Game_Host_Client/Racing_Game_Host_Client.srcs/sources_1/new/vga_multiplayer.vhd:355]
Netlist sorting complete. Time (s): cpu = 00:00:00 ; elapsed = 00:00:00.004 . Memory (MB): peak = 2181.156 ; gain = 0.000
INFO: [Project 1-111] Unisim Transformation Summary:
No Unisim elements were transformed.

open_run: Time (s): cpu = 00:00:32 ; elapsed = 00:00:27 . Memory (MB): peak = 2188.977 ; gain = 885.980
refresh_design
INFO: [Project 1-454] Reading design checkpoint 'c:/Users/DELL/Downloads/Racing_Game_Host_Client/Racing_Game_Host_Client/Racing_Game_Host_Client.srcs/sources_1/ip/clk_wiz_0/clk_wiz_0.dcp' for cell 'clk_wizard'
INFO: [Project 1-454] Reading design checkpoint 'C:/Users/DELL/Downloads/Racing_Game_Host_Client/Racing_Game_Host_Client/Racing_Game_Host_Client.runs/host_synth_1/host.dcp' for cell 'host_client'
INFO: [Project 1-454] Reading design checkpoint 'c:/Users/DELL/Downloads/Racing_Game_Host_Client/Racing_Game_Host_Client/Racing_Game_Host_Client.srcs/sources_1/ip/car/car.dcp' for cell 'game/pixel_array'
ERROR: [Netlist 29-77] Could not replace (cell 'car', library 'work', file 'NOFILE') with (cell 'car', library 'work_library1_3', file 'car.edf') because of a port interface mismatch; port 'ena' is missing on the replacing cell.
Resolution: Modify RTL to reference correct ports from the netlist
close_design
reset_run synth_1
launch_runs synth_1 -jobs 12
[Mon May 27 08:53:44 2024] Launched synth_1...
Run output will be captured here: C:/Users/DELL/Downloads/Racing_Game_Host_Client/Racing_Game_Host_Client/Racing_Game_Host_Client.runs/synth_1/runme.log
open_run synth_1 -name synth_1 -pr_config [current_pr_configuration]
Design is defaulting to impl run constrset: constrs_1
Design is defaulting to synth run part: xc7a35tcpg236-1
INFO: [Project 1-454] Reading design checkpoint 'c:/Users/DELL/Downloads/Racing_Game_Host_Client/Racing_Game_Host_Client/Racing_Game_Host_Client.srcs/sources_1/ip/clk_wiz_0/clk_wiz_0.dcp' for cell 'clk_wizard'
INFO: [Project 1-454] Reading design checkpoint 'C:/Users/DELL/Downloads/Racing_Game_Host_Client/Racing_Game_Host_Client/Racing_Game_Host_Client.runs/host_synth_1/host.dcp' for cell 'host_client'
INFO: [Project 1-454] Reading design checkpoint 'c:/Users/DELL/Downloads/Racing_Game_Host_Client/Racing_Game_Host_Client/Racing_Game_Host_Client.srcs/sources_1/ip/car/car.dcp' for cell 'game/pixel_array'
Netlist sorting complete. Time (s): cpu = 00:00:00 ; elapsed = 00:00:00.168 . Memory (MB): peak = 2267.926 ; gain = 0.000
INFO: [Netlist 29-17] Analyzing 2554 Unisim elements for replacement
INFO: [Netlist 29-28] Unisim Transformation completed in 0 CPU seconds
INFO: [Project 1-479] Netlist was created with Vivado 2020.1
INFO: [Project 1-570] Preparing netlist for logic optimization
WARNING: [Opt 31-35] Removing redundant IBUF, clk_wizard/inst/clkin1_ibufg, from the path connected to top-level port: clk 
Resolution: The tool has removed redundant IBUF. To resolve this warning, check for redundant IBUF in the input design.
WARNING: [Opt 31-35] Removing redundant IBUF, game/clk_wizard/inst/clkin1_ibufg, from the path connected to top-level port: clk 
Resolution: The tool has removed redundant IBUF. To resolve this warning, check for redundant IBUF in the input design.
WARNING: [Constraints 18-550] Could not create 'IBUF_LOW_PWR' constraint because net 'clk_wizard/clk_in1' is not directly connected to top level port. Synthesis is ignored for IBUF_LOW_PWR but preserved for implementation.
WARNING: [Constraints 18-550] Could not create 'IBUF_LOW_PWR' constraint because net 'game/clk_wizard/clk_in1' is not directly connected to top level port. Synthesis is ignored for IBUF_LOW_PWR but preserved for implementation.
Parsing XDC File [c:/Users/DELL/Downloads/Racing_Game_Host_Client/Racing_Game_Host_Client/Racing_Game_Host_Client.srcs/sources_1/ip/clk_wiz_0/clk_wiz_0_board.xdc] for cell 'clk_wizard/inst'
Finished Parsing XDC File [c:/Users/DELL/Downloads/Racing_Game_Host_Client/Racing_Game_Host_Client/Racing_Game_Host_Client.srcs/sources_1/ip/clk_wiz_0/clk_wiz_0_board.xdc] for cell 'clk_wizard/inst'
Parsing XDC File [c:/Users/DELL/Downloads/Racing_Game_Host_Client/Racing_Game_Host_Client/Racing_Game_Host_Client.srcs/sources_1/ip/clk_wiz_0/clk_wiz_0_board.xdc] for cell 'game/clk_wizard/inst'
Finished Parsing XDC File [c:/Users/DELL/Downloads/Racing_Game_Host_Client/Racing_Game_Host_Client/Racing_Game_Host_Client.srcs/sources_1/ip/clk_wiz_0/clk_wiz_0_board.xdc] for cell 'game/clk_wizard/inst'
Parsing XDC File [c:/Users/DELL/Downloads/Racing_Game_Host_Client/Racing_Game_Host_Client/Racing_Game_Host_Client.srcs/sources_1/ip/clk_wiz_0/clk_wiz_0.xdc] for cell 'clk_wizard/inst'
INFO: [Timing 38-35] Done setting XDC timing constraints. [c:/Users/DELL/Downloads/Racing_Game_Host_Client/Racing_Game_Host_Client/Racing_Game_Host_Client.srcs/sources_1/ip/clk_wiz_0/clk_wiz_0.xdc:57]
INFO: [Timing 38-2] Deriving generated clocks [c:/Users/DELL/Downloads/Racing_Game_Host_Client/Racing_Game_Host_Client/Racing_Game_Host_Client.srcs/sources_1/ip/clk_wiz_0/clk_wiz_0.xdc:57]
Finished Parsing XDC File [c:/Users/DELL/Downloads/Racing_Game_Host_Client/Racing_Game_Host_Client/Racing_Game_Host_Client.srcs/sources_1/ip/clk_wiz_0/clk_wiz_0.xdc] for cell 'clk_wizard/inst'
Parsing XDC File [c:/Users/DELL/Downloads/Racing_Game_Host_Client/Racing_Game_Host_Client/Racing_Game_Host_Client.srcs/sources_1/ip/clk_wiz_0/clk_wiz_0.xdc] for cell 'game/clk_wizard/inst'
INFO: [Timing 38-2] Deriving generated clocks [c:/Users/DELL/Downloads/Racing_Game_Host_Client/Racing_Game_Host_Client/Racing_Game_Host_Client.srcs/sources_1/ip/clk_wiz_0/clk_wiz_0.xdc:57]
Finished Parsing XDC File [c:/Users/DELL/Downloads/Racing_Game_Host_Client/Racing_Game_Host_Client/Racing_Game_Host_Client.srcs/sources_1/ip/clk_wiz_0/clk_wiz_0.xdc] for cell 'game/clk_wizard/inst'
INFO: [Opt 31-138] Pushed 0 inverter(s) to 0 load pin(s).
Netlist sorting complete. Time (s): cpu = 00:00:00 ; elapsed = 00:00:00.005 . Memory (MB): peak = 2332.617 ; gain = 0.000
INFO: [Project 1-111] Unisim Transformation Summary:
No Unisim elements were transformed.

open_run: Time (s): cpu = 00:00:08 ; elapsed = 00:00:07 . Memory (MB): peak = 2332.617 ; gain = 64.691
startgroup
create_pblock pblock_host_client
resize_pblock pblock_host_client -add SLICE_X30Y76:SLICE_X33Y98
add_cells_to_pblock pblock_host_client [get_cells [list host_client]] -clear_locs
endgroup
INFO: [IP_Flow 19-1839] IP Catalog is up to date.
INFO: [IP_Flow 19-1839] IP Catalog is up to date.
INFO: [IP_Flow 19-1839] IP Catalog is up to date.
INFO: [IP_Flow 19-1839] IP Catalog is up to date.
INFO: [IP_Flow 19-1839] IP Catalog is up to date.
INFO: [IP_Flow 19-1839] IP Catalog is up to date.
INFO: [IP_Flow 19-1839] IP Catalog is up to date.
INFO: [IP_Flow 19-1839] IP Catalog is up to date.
INFO: [IP_Flow 19-1839] IP Catalog is up to date.
INFO: [IP_Flow 19-1839] IP Catalog is up to date.
INFO: [IP_Flow 19-1839] IP Catalog is up to date.
INFO: [IP_Flow 19-1839] IP Catalog is up to date.
INFO: [IP_Flow 19-1839] IP Catalog is up to date.
INFO: [IP_Flow 19-1839] IP Catalog is up to date.
INFO: [IP_Flow 19-1839] IP Catalog is up to date.
INFO: [IP_Flow 19-1839] IP Catalog is up to date.
INFO: [IP_Flow 19-1839] IP Catalog is up to date.
INFO: [IP_Flow 19-1839] IP Catalog is up to date.
report_drc -name drc_1 -ruledecks {default}
Command: report_drc -name drc_1 -ruledecks default
INFO: [IP_Flow 19-1839] IP Catalog is up to date.
INFO: [DRC 23-27] Running DRC with 2 threads
report_drc completed successfully
add_files -fileset constrs_1 -norecurse C:/Users/DELL/Downloads/Racing_Game_Host_Client/Racing_Game_Host_Client/display_image.xdc
refresh_design
INFO: [Project 1-570] Preparing netlist for logic optimization
Parsing XDC File [c:/Users/DELL/Downloads/Racing_Game_Host_Client/Racing_Game_Host_Client/Racing_Game_Host_Client.srcs/sources_1/ip/clk_wiz_0/clk_wiz_0_board.xdc] for cell 'clk_wizard/inst'
Finished Parsing XDC File [c:/Users/DELL/Downloads/Racing_Game_Host_Client/Racing_Game_Host_Client/Racing_Game_Host_Client.srcs/sources_1/ip/clk_wiz_0/clk_wiz_0_board.xdc] for cell 'clk_wizard/inst'
Parsing XDC File [c:/Users/DELL/Downloads/Racing_Game_Host_Client/Racing_Game_Host_Client/Racing_Game_Host_Client.srcs/sources_1/ip/clk_wiz_0/clk_wiz_0_board.xdc] for cell 'game/clk_wizard/inst'
Finished Parsing XDC File [c:/Users/DELL/Downloads/Racing_Game_Host_Client/Racing_Game_Host_Client/Racing_Game_Host_Client.srcs/sources_1/ip/clk_wiz_0/clk_wiz_0_board.xdc] for cell 'game/clk_wizard/inst'
Parsing XDC File [c:/Users/DELL/Downloads/Racing_Game_Host_Client/Racing_Game_Host_Client/Racing_Game_Host_Client.srcs/sources_1/ip/clk_wiz_0/clk_wiz_0.xdc] for cell 'clk_wizard/inst'
INFO: [Timing 38-35] Done setting XDC timing constraints. [c:/Users/DELL/Downloads/Racing_Game_Host_Client/Racing_Game_Host_Client/Racing_Game_Host_Client.srcs/sources_1/ip/clk_wiz_0/clk_wiz_0.xdc:57]
INFO: [Timing 38-2] Deriving generated clocks [c:/Users/DELL/Downloads/Racing_Game_Host_Client/Racing_Game_Host_Client/Racing_Game_Host_Client.srcs/sources_1/ip/clk_wiz_0/clk_wiz_0.xdc:57]
Finished Parsing XDC File [c:/Users/DELL/Downloads/Racing_Game_Host_Client/Racing_Game_Host_Client/Racing_Game_Host_Client.srcs/sources_1/ip/clk_wiz_0/clk_wiz_0.xdc] for cell 'clk_wizard/inst'
Parsing XDC File [c:/Users/DELL/Downloads/Racing_Game_Host_Client/Racing_Game_Host_Client/Racing_Game_Host_Client.srcs/sources_1/ip/clk_wiz_0/clk_wiz_0.xdc] for cell 'game/clk_wizard/inst'
INFO: [Timing 38-2] Deriving generated clocks [c:/Users/DELL/Downloads/Racing_Game_Host_Client/Racing_Game_Host_Client/Racing_Game_Host_Client.srcs/sources_1/ip/clk_wiz_0/clk_wiz_0.xdc:57]
Finished Parsing XDC File [c:/Users/DELL/Downloads/Racing_Game_Host_Client/Racing_Game_Host_Client/Racing_Game_Host_Client.srcs/sources_1/ip/clk_wiz_0/clk_wiz_0.xdc] for cell 'game/clk_wizard/inst'
Parsing XDC File [C:/Users/DELL/Downloads/Racing_Game_Host_Client/Racing_Game_Host_Client/display_image.xdc]
Finished Parsing XDC File [C:/Users/DELL/Downloads/Racing_Game_Host_Client/Racing_Game_Host_Client/display_image.xdc]
INFO: [Opt 31-138] Pushed 0 inverter(s) to 0 load pin(s).
refresh_design: Time (s): cpu = 00:00:14 ; elapsed = 00:00:10 . Memory (MB): peak = 2374.230 ; gain = 41.594
reset_run synth_1
launch_runs synth_1 -jobs 12
[Mon May 27 09:02:18 2024] Launched synth_1...
Run output will be captured here: C:/Users/DELL/Downloads/Racing_Game_Host_Client/Racing_Game_Host_Client/Racing_Game_Host_Client.runs/synth_1/runme.log
close_design
open_run synth_1 -name synth_1 -pr_config [current_pr_configuration]
Design is defaulting to impl run constrset: constrs_1
Design is defaulting to synth run part: xc7a35tcpg236-1
INFO: [Project 1-454] Reading design checkpoint 'c:/Users/DELL/Downloads/Racing_Game_Host_Client/Racing_Game_Host_Client/Racing_Game_Host_Client.srcs/sources_1/ip/clk_wiz_0/clk_wiz_0.dcp' for cell 'clk_wizard'
INFO: [Project 1-454] Reading design checkpoint 'C:/Users/DELL/Downloads/Racing_Game_Host_Client/Racing_Game_Host_Client/Racing_Game_Host_Client.runs/host_synth_1/host.dcp' for cell 'host_client'
INFO: [Project 1-454] Reading design checkpoint 'c:/Users/DELL/Downloads/Racing_Game_Host_Client/Racing_Game_Host_Client/Racing_Game_Host_Client.srcs/sources_1/ip/car/car.dcp' for cell 'game/pixel_array'
Netlist sorting complete. Time (s): cpu = 00:00:00 ; elapsed = 00:00:00.195 . Memory (MB): peak = 2407.758 ; gain = 0.000
INFO: [Netlist 29-17] Analyzing 2554 Unisim elements for replacement
INFO: [Netlist 29-28] Unisim Transformation completed in 0 CPU seconds
INFO: [Project 1-479] Netlist was created with Vivado 2020.1
INFO: [Project 1-570] Preparing netlist for logic optimization
WARNING: [Opt 31-35] Removing redundant IBUF, clk_wizard/inst/clkin1_ibufg, from the path connected to top-level port: clk 
Resolution: The tool has removed redundant IBUF. To resolve this warning, check for redundant IBUF in the input design.
WARNING: [Opt 31-35] Removing redundant IBUF, game/clk_wizard/inst/clkin1_ibufg, from the path connected to top-level port: clk 
Resolution: The tool has removed redundant IBUF. To resolve this warning, check for redundant IBUF in the input design.
WARNING: [Constraints 18-550] Could not create 'IBUF_LOW_PWR' constraint because net 'clk_wizard/clk_in1' is not directly connected to top level port. Synthesis is ignored for IBUF_LOW_PWR but preserved for implementation.
WARNING: [Constraints 18-550] Could not create 'IBUF_LOW_PWR' constraint because net 'game/clk_wizard/clk_in1' is not directly connected to top level port. Synthesis is ignored for IBUF_LOW_PWR but preserved for implementation.
Parsing XDC File [c:/Users/DELL/Downloads/Racing_Game_Host_Client/Racing_Game_Host_Client/Racing_Game_Host_Client.srcs/sources_1/ip/clk_wiz_0/clk_wiz_0_board.xdc] for cell 'clk_wizard/inst'
Finished Parsing XDC File [c:/Users/DELL/Downloads/Racing_Game_Host_Client/Racing_Game_Host_Client/Racing_Game_Host_Client.srcs/sources_1/ip/clk_wiz_0/clk_wiz_0_board.xdc] for cell 'clk_wizard/inst'
Parsing XDC File [c:/Users/DELL/Downloads/Racing_Game_Host_Client/Racing_Game_Host_Client/Racing_Game_Host_Client.srcs/sources_1/ip/clk_wiz_0/clk_wiz_0_board.xdc] for cell 'game/clk_wizard/inst'
Finished Parsing XDC File [c:/Users/DELL/Downloads/Racing_Game_Host_Client/Racing_Game_Host_Client/Racing_Game_Host_Client.srcs/sources_1/ip/clk_wiz_0/clk_wiz_0_board.xdc] for cell 'game/clk_wizard/inst'
Parsing XDC File [c:/Users/DELL/Downloads/Racing_Game_Host_Client/Racing_Game_Host_Client/Racing_Game_Host_Client.srcs/sources_1/ip/clk_wiz_0/clk_wiz_0.xdc] for cell 'clk_wizard/inst'
INFO: [Timing 38-35] Done setting XDC timing constraints. [c:/Users/DELL/Downloads/Racing_Game_Host_Client/Racing_Game_Host_Client/Racing_Game_Host_Client.srcs/sources_1/ip/clk_wiz_0/clk_wiz_0.xdc:57]
INFO: [Timing 38-2] Deriving generated clocks [c:/Users/DELL/Downloads/Racing_Game_Host_Client/Racing_Game_Host_Client/Racing_Game_Host_Client.srcs/sources_1/ip/clk_wiz_0/clk_wiz_0.xdc:57]
Finished Parsing XDC File [c:/Users/DELL/Downloads/Racing_Game_Host_Client/Racing_Game_Host_Client/Racing_Game_Host_Client.srcs/sources_1/ip/clk_wiz_0/clk_wiz_0.xdc] for cell 'clk_wizard/inst'
Parsing XDC File [c:/Users/DELL/Downloads/Racing_Game_Host_Client/Racing_Game_Host_Client/Racing_Game_Host_Client.srcs/sources_1/ip/clk_wiz_0/clk_wiz_0.xdc] for cell 'game/clk_wizard/inst'
INFO: [Timing 38-2] Deriving generated clocks [c:/Users/DELL/Downloads/Racing_Game_Host_Client/Racing_Game_Host_Client/Racing_Game_Host_Client.srcs/sources_1/ip/clk_wiz_0/clk_wiz_0.xdc:57]
Finished Parsing XDC File [c:/Users/DELL/Downloads/Racing_Game_Host_Client/Racing_Game_Host_Client/Racing_Game_Host_Client.srcs/sources_1/ip/clk_wiz_0/clk_wiz_0.xdc] for cell 'game/clk_wizard/inst'
Parsing XDC File [C:/Users/DELL/Downloads/Racing_Game_Host_Client/Racing_Game_Host_Client/display_image.xdc]
Finished Parsing XDC File [C:/Users/DELL/Downloads/Racing_Game_Host_Client/Racing_Game_Host_Client/display_image.xdc]
INFO: [Opt 31-138] Pushed 0 inverter(s) to 0 load pin(s).
Netlist sorting complete. Time (s): cpu = 00:00:00 ; elapsed = 00:00:00.005 . Memory (MB): peak = 2461.590 ; gain = 0.000
INFO: [Project 1-111] Unisim Transformation Summary:
No Unisim elements were transformed.

open_run: Time (s): cpu = 00:00:10 ; elapsed = 00:00:08 . Memory (MB): peak = 2570.445 ; gain = 162.688
startgroup
create_pblock pblock_host_client
resize_pblock pblock_host_client -add SLICE_X30Y76:SLICE_X33Y98
add_cells_to_pblock pblock_host_client [get_cells [list host_client]] -clear_locs
endgroup
INFO: [IP_Flow 19-1839] IP Catalog is up to date.
INFO: [IP_Flow 19-1839] IP Catalog is up to date.
INFO: [IP_Flow 19-1839] IP Catalog is up to date.
INFO: [IP_Flow 19-1839] IP Catalog is up to date.
INFO: [IP_Flow 19-1839] IP Catalog is up to date.
INFO: [IP_Flow 19-1839] IP Catalog is up to date.
INFO: [IP_Flow 19-1839] IP Catalog is up to date.
INFO: [IP_Flow 19-1839] IP Catalog is up to date.
INFO: [IP_Flow 19-1839] IP Catalog is up to date.
INFO: [IP_Flow 19-1839] IP Catalog is up to date.
INFO: [IP_Flow 19-1839] IP Catalog is up to date.
INFO: [IP_Flow 19-1839] IP Catalog is up to date.
INFO: [IP_Flow 19-1839] IP Catalog is up to date.
INFO: [IP_Flow 19-1839] IP Catalog is up to date.
INFO: [IP_Flow 19-1839] IP Catalog is up to date.
INFO: [IP_Flow 19-1839] IP Catalog is up to date.
INFO: [IP_Flow 19-1839] IP Catalog is up to date.
INFO: [IP_Flow 19-1839] IP Catalog is up to date.
report_drc -name drc_1 -ruledecks {default}
Command: report_drc -name drc_1 -ruledecks default
INFO: [IP_Flow 19-1839] IP Catalog is up to date.
INFO: [DRC 23-27] Running DRC with 2 threads
report_drc completed successfully
INFO: [IP_Flow 19-1839] IP Catalog is up to date.
INFO: [IP_Flow 19-1839] IP Catalog is up to date.
INFO: [IP_Flow 19-1839] IP Catalog is up to date.
INFO: [IP_Flow 19-1839] IP Catalog is up to date.
INFO: [IP_Flow 19-1839] IP Catalog is up to date.
INFO: [IP_Flow 19-1839] IP Catalog is up to date.
INFO: [IP_Flow 19-1839] IP Catalog is up to date.
INFO: [IP_Flow 19-1839] IP Catalog is up to date.
INFO: [IP_Flow 19-1839] IP Catalog is up to date.
INFO: [IP_Flow 19-1839] IP Catalog is up to date.
INFO: [IP_Flow 19-1839] IP Catalog is up to date.
INFO: [IP_Flow 19-1839] IP Catalog is up to date.
INFO: [IP_Flow 19-1839] IP Catalog is up to date.
INFO: [IP_Flow 19-1839] IP Catalog is up to date.
INFO: [IP_Flow 19-1839] IP Catalog is up to date.
INFO: [IP_Flow 19-1839] IP Catalog is up to date.
INFO: [IP_Flow 19-1839] IP Catalog is up to date.
INFO: [IP_Flow 19-1839] IP Catalog is up to date.
INFO: [IP_Flow 19-1839] IP Catalog is up to date.
INFO: [IP_Flow 19-1839] IP Catalog is up to date.
INFO: [IP_Flow 19-1839] IP Catalog is up to date.
INFO: [IP_Flow 19-1839] IP Catalog is up to date.
INFO: [IP_Flow 19-1839] IP Catalog is up to date.
INFO: [IP_Flow 19-1839] IP Catalog is up to date.
INFO: [IP_Flow 19-1839] IP Catalog is up to date.
INFO: [IP_Flow 19-1839] IP Catalog is up to date.
INFO: [IP_Flow 19-1839] IP Catalog is up to date.
INFO: [IP_Flow 19-1839] IP Catalog is up to date.
INFO: [IP_Flow 19-1839] IP Catalog is up to date.
INFO: [IP_Flow 19-1839] IP Catalog is up to date.
INFO: [IP_Flow 19-1839] IP Catalog is up to date.
INFO: [IP_Flow 19-1839] IP Catalog is up to date.
INFO: [IP_Flow 19-1839] IP Catalog is up to date.
INFO: [IP_Flow 19-1839] IP Catalog is up to date.
INFO: [IP_Flow 19-1839] IP Catalog is up to date.
INFO: [IP_Flow 19-1839] IP Catalog is up to date.
INFO: [IP_Flow 19-1839] IP Catalog is up to date.
INFO: [IP_Flow 19-1839] IP Catalog is up to date.
INFO: [IP_Flow 19-1839] IP Catalog is up to date.
INFO: [IP_Flow 19-1839] IP Catalog is up to date.
INFO: [IP_Flow 19-1839] IP Catalog is up to date.
INFO: [IP_Flow 19-1839] IP Catalog is up to date.
INFO: [IP_Flow 19-1839] IP Catalog is up to date.
INFO: [IP_Flow 19-1839] IP Catalog is up to date.
INFO: [IP_Flow 19-1839] IP Catalog is up to date.
INFO: [IP_Flow 19-1839] IP Catalog is up to date.
INFO: [IP_Flow 19-1839] IP Catalog is up to date.
INFO: [IP_Flow 19-1839] IP Catalog is up to date.
INFO: [IP_Flow 19-1839] IP Catalog is up to date.
INFO: [IP_Flow 19-1839] IP Catalog is up to date.
INFO: [IP_Flow 19-1839] IP Catalog is up to date.
INFO: [IP_Flow 19-1839] IP Catalog is up to date.
INFO: [IP_Flow 19-1839] IP Catalog is up to date.
INFO: [IP_Flow 19-1839] IP Catalog is up to date.
INFO: [IP_Flow 19-1839] IP Catalog is up to date.
INFO: [IP_Flow 19-1839] IP Catalog is up to date.
INFO: [IP_Flow 19-1839] IP Catalog is up to date.
INFO: [IP_Flow 19-1839] IP Catalog is up to date.
INFO: [IP_Flow 19-1839] IP Catalog is up to date.
INFO: [IP_Flow 19-1839] IP Catalog is up to date.
INFO: [IP_Flow 19-1839] IP Catalog is up to date.
INFO: [IP_Flow 19-1839] IP Catalog is up to date.
INFO: [Common 17-14] Message 'IP_Flow 19-1839' appears 100 times and further instances of the messages will be disabled. Use the Tcl command set_msg_config to change the current settings.
create_drc_ruledeck ruledeck_1
add_drc_checks -ruledeck ruledeck_1 [get_drc_checks {HDPRABS-3 HDPRABS-2 HDPRABS-1 HDPRA-62 HDPRA-60 HDPRA-58 HDPRA-57 HDPRA-56 HDPRA-55 HDPRA-54 HDPRA-53 HDPRA-52 HDPRA-51 HDPRA-21 HDPR-98 HDPR-52 HDPR-43 HDPR-20 HDPR-88 HDPR-41 HDPR-40 HDPR-30 HDPR-107 HDPR-106 HDPR-105 HDPR-104 HDPR-103 HDPR-100 HDPR-99 HDPR-97 HDPR-96 HDPR-95 HDPR-94 HDPR-93 HDPR-92 HDPR-91 HDPR-90 HDPR-87 HDPR-86 HDPR-85 HDPR-84 HDPR-83 HDPR-74 HDPR-73 HDPR-72 HDPR-71 HDPR-70 HDPR-69 HDPR-68 HDPR-67 HDPR-66 HDPR-65 HDPR-64 HDPR-63 HDPR-62 HDPR-61 HDPR-60 HDPR-59 HDPR-58 HDPR-57 HDPR-54 HDPR-51 HDPR-50 HDPR-49 HDPR-48 HDPR-47 HDPR-46 HDPR-45 HDPR-44 HDPR-42 HDPR-39 HDPR-38 HDPR-37 HDPR-36 HDPR-35 HDPR-34 HDPR-33 HDPR-32 HDPR-29 HDPR-28 HDPR-27 HDPR-26 HDPR-25 HDPR-23 HDPR-22 HDPR-18 HDPR-17 HDPR-16 HDPR-15 HDPR-14 HDPR-13 HDPR-12 HDPR-11 HDPR-10 HDPR-9 HDPR-8 HDPR-7 HDPR-6 HDPR-5 HDPR-4 HDPR-3 HDPR-2 HDPR-1}]
report_drc -name drc_2 -ruledecks {ruledeck_1}
Command: report_drc -name drc_2 -ruledecks ruledeck_1
INFO: [DRC 23-27] Running DRC with 2 threads
report_drc completed successfully
delete_drc_ruledeck ruledeck_1
undo
INFO: [Common 17-17] undo 'endgroup'
INFO: [Common 17-17] undo 'add_cells_to_pblock pblock_host_client [get_cells [list host_client]] -clear_locs'
INFO: [Common 17-17] undo 'resize_pblock pblock_host_client -add SLICE_X30Y76:SLICE_X33Y98'
INFO: [Common 17-17] undo 'create_pblock pblock_host_client'
INFO: [Common 17-17] undo 'startgroup'
startgroup
create_pblock pblock_host_client
resize_pblock pblock_host_client -add SLICE_X30Y51:SLICE_X33Y98
add_cells_to_pblock pblock_host_client [get_cells [list host_client]] -clear_locs
